Arguments: 
  /home/julien.fontanet/n/bin/node /home/julien.fontanet/n/bin/yarn add @babel/cli @babel/core @babel/plugin-proposal-decorator

PATH: 
  ./node_modules/.bin:/home/julien.fontanet/dev/julien-f/config/scripts:./node_modules/.bin:/home/julien.fontanet/dev/julien-f/config/scripts:./node_modules/.bin:/home/julien.fontanet/dev/julien-f/config/scripts:/usr/local/bin:/usr/local/sbin:/usr/bin:/usr/sbin:/home/julien.fontanet/go/bin:/home/julien.fontanet/n/bin:/home/julien.fontanet/.local/bin:/home/julien.fontanet/bin:/home/julien.fontanet/go/bin:/home/julien.fontanet/go/bin

Yarn version: 
  1.3.2

Node version: 
  9.3.0

Platform: 
  linux x64

npm manifest: 
  No manifest

yarn manifest: 
  No manifest

Lockfile: 
  No lockfile

Trace: 
  Error: https://registry.yarnpkg.com/@babel%2fplugin-proposal-decorator: Not found
      at Request.params.callback [as _callback] (/home/julien.fontanet/n/lib/node_modules/yarn/lib/cli.js:62098:18)
      at Request.self.callback (/home/julien.fontanet/n/lib/node_modules/yarn/lib/cli.js:123085:22)
      at Request.emit (events.js:159:13)
      at Request.<anonymous> (/home/julien.fontanet/n/lib/node_modules/yarn/lib/cli.js:124068:10)
      at Request.emit (events.js:159:13)
      at IncomingMessage.<anonymous> (/home/julien.fontanet/n/lib/node_modules/yarn/lib/cli.js:123988:12)
      at Object.onceWrapper (events.js:254:19)
      at IncomingMessage.emit (events.js:164:20)
      at endReadableNT (_stream_readable.js:1062:12)
      at process._tickCallback (internal/process/next_tick.js:152:19)
